{"D:\\Vivek_Files\\TodoAPP\\task-manager\\src\\app.js": {"path":"D:\\Vivek_Files\\TodoAPP\\task-manager\\src\\app.js","statementMap":{"0":{"start":{"line":1,"column":0},"end":{"line":1,"column":27}},"1":{"start":{"line":2,"column":16},"end":{"line":2,"column":34}},"2":{"start":{"line":3,"column":15},"end":{"line":3,"column":32}},"3":{"start":{"line":5,"column":18},"end":{"line":5,"column":40}},"4":{"start":{"line":6,"column":19},"end":{"line":6,"column":49}},"5":{"start":{"line":7,"column":25},"end":{"line":7,"column":61}},"6":{"start":{"line":13,"column":0},"end":{"line":13,"column":12}},"7":{"start":{"line":15,"column":12},"end":{"line":15,"column":21}},"8":{"start":{"line":20,"column":0},"end":{"line":20,"column":24}},"9":{"start":{"line":23,"column":0},"end":{"line":23,"column":48}},"10":{"start":{"line":26,"column":0},"end":{"line":28,"column":1}},"11":{"start":{"line":27,"column":2},"end":{"line":27,"column":25}},"12":{"start":{"line":33,"column":0},"end":{"line":40,"column":3}},"13":{"start":{"line":34,"column":2},"end":{"line":39,"column":5}},"14":{"start":{"line":43,"column":0},"end":{"line":43,"column":34}},"15":{"start":{"line":47,"column":0},"end":{"line":52,"column":3}},"16":{"start":{"line":48,"column":2},"end":{"line":51,"column":5}},"17":{"start":{"line":57,"column":0},"end":{"line":57,"column":22}},"18":{"start":{"line":68,"column":23},"end":{"line":68,"column":43}},"19":{"start":{"line":69,"column":0},"end":{"line":72,"column":2}},"20":{"start":{"line":71,"column":2},"end":{"line":71,"column":62}},"21":{"start":{"line":75,"column":13},"end":{"line":75,"column":37}},"22":{"start":{"line":77,"column":15},"end":{"line":81,"column":2}},"23":{"start":{"line":78,"column":2},"end":{"line":78,"column":89}},"24":{"start":{"line":79,"column":2},"end":{"line":79,"column":66}},"25":{"start":{"line":80,"column":2},"end":{"line":80,"column":69}},"26":{"start":{"line":84,"column":0},"end":{"line":87,"column":3}},"27":{"start":{"line":85,"column":2},"end":{"line":85,"column":63}},"28":{"start":{"line":86,"column":2},"end":{"line":86,"column":38}},"29":{"start":{"line":86,"column":21},"end":{"line":86,"column":36}},"30":{"start":{"line":89,"column":0},"end":{"line":89,"column":21}}},"fnMap":{"0":{"name":"(anonymous_0)","decl":{"start":{"line":33,"column":19},"end":{"line":33,"column":20}},"loc":{"start":{"line":33,"column":33},"end":{"line":40,"column":1}},"line":33},"1":{"name":"(anonymous_1)","decl":{"start":{"line":47,"column":8},"end":{"line":47,"column":9}},"loc":{"start":{"line":47,"column":22},"end":{"line":52,"column":1}},"line":47},"2":{"name":"(anonymous_2)","decl":{"start":{"line":69,"column":13},"end":{"line":69,"column":14}},"loc":{"start":{"line":69,"column":33},"end":{"line":72,"column":1}},"line":69},"3":{"name":"(anonymous_3)","decl":{"start":{"line":77,"column":32},"end":{"line":77,"column":33}},"loc":{"start":{"line":77,"column":38},"end":{"line":81,"column":1}},"line":77},"4":{"name":"(anonymous_4)","decl":{"start":{"line":84,"column":22},"end":{"line":84,"column":23}},"loc":{"start":{"line":84,"column":28},"end":{"line":87,"column":1}},"line":84},"5":{"name":"(anonymous_5)","decl":{"start":{"line":86,"column":15},"end":{"line":86,"column":16}},"loc":{"start":{"line":86,"column":21},"end":{"line":86,"column":36}},"line":86}},"branchMap":{"0":{"loc":{"start":{"line":26,"column":0},"end":{"line":28,"column":1}},"type":"if","locations":[{"start":{"line":26,"column":0},"end":{"line":28,"column":1}},{"start":{},"end":{}}],"line":26},"1":{"loc":{"start":{"line":75,"column":13},"end":{"line":75,"column":37}},"type":"binary-expr","locations":[{"start":{"line":75,"column":13},"end":{"line":75,"column":29}},{"start":{"line":75,"column":33},"end":{"line":75,"column":37}}],"line":75}},"s":{"0":1,"1":1,"2":1,"3":1,"4":1,"5":1,"6":1,"7":1,"8":1,"9":1,"10":1,"11":0,"12":1,"13":0,"14":1,"15":1,"16":0,"17":1,"18":1,"19":1,"20":0,"21":1,"22":1,"23":0,"24":0,"25":0,"26":1,"27":0,"28":0,"29":0,"30":1},"f":{"0":0,"1":0,"2":0,"3":0,"4":0,"5":0},"b":{"0":[0,1],"1":[1,0]},"_coverageSchema":"1a1c01bbd47fc00a2c39e90264f33305004495a9","hash":"6cc4df9ae2aa965a78bf525f36806b287fbab715"}
,"D:\\Vivek_Files\\TodoAPP\\task-manager\\src\\config\\db.js": {"path":"D:\\Vivek_Files\\TodoAPP\\task-manager\\src\\config\\db.js","statementMap":{"0":{"start":{"line":1,"column":17},"end":{"line":1,"column":36}},"1":{"start":{"line":8,"column":18},"end":{"line":17,"column":1}},"2":{"start":{"line":9,"column":2},"end":{"line":16,"column":3}},"3":{"start":{"line":10,"column":17},"end":{"line":10,"column":64}},"4":{"start":{"line":11,"column":4},"end":{"line":11,"column":64}},"5":{"start":{"line":13,"column":4},"end":{"line":13,"column":67}},"6":{"start":{"line":15,"column":4},"end":{"line":15,"column":20}},"7":{"start":{"line":19,"column":0},"end":{"line":19,"column":27}}},"fnMap":{"0":{"name":"(anonymous_0)","decl":{"start":{"line":8,"column":18},"end":{"line":8,"column":19}},"loc":{"start":{"line":8,"column":30},"end":{"line":17,"column":1}},"line":8}},"branchMap":{},"s":{"0":1,"1":1,"2":1,"3":1,"4":1,"5":0,"6":0,"7":1},"f":{"0":1},"b":{},"_coverageSchema":"1a1c01bbd47fc00a2c39e90264f33305004495a9","hash":"70ebdd1bc9dae8e6ec4085d4bcf315eddb29a176"}
,"D:\\Vivek_Files\\TodoAPP\\task-manager\\src\\controllers\\taskController.js": {"path":"D:\\Vivek_Files\\TodoAPP\\task-manager\\src\\controllers\\taskController.js","statementMap":{"0":{"start":{"line":1,"column":13},"end":{"line":1,"column":38}},"1":{"start":{"line":2,"column":24},"end":{"line":2,"column":61}},"2":{"start":{"line":23,"column":20},"end":{"line":48,"column":1}},"3":{"start":{"line":24,"column":17},"end":{"line":24,"column":19}},"4":{"start":{"line":27,"column":2},"end":{"line":32,"column":3}},"5":{"start":{"line":28,"column":4},"end":{"line":30,"column":5}},"6":{"start":{"line":29,"column":6},"end":{"line":29,"column":78}},"7":{"start":{"line":31,"column":4},"end":{"line":31,"column":37}},"8":{"start":{"line":35,"column":2},"end":{"line":38,"column":3}},"9":{"start":{"line":37,"column":4},"end":{"line":37,"column":68}},"10":{"start":{"line":40,"column":16},"end":{"line":40,"column":63}},"11":{"start":{"line":42,"column":2},"end":{"line":47,"column":5}},"12":{"start":{"line":54,"column":20},"end":{"line":67,"column":1}},"13":{"start":{"line":55,"column":15},"end":{"line":55,"column":49}},"14":{"start":{"line":57,"column":2},"end":{"line":60,"column":3}},"15":{"start":{"line":59,"column":4},"end":{"line":59,"column":72}},"16":{"start":{"line":62,"column":2},"end":{"line":66,"column":5}},"17":{"start":{"line":74,"column":19},"end":{"line":85,"column":1}},"18":{"start":{"line":75,"column":52},"end":{"line":75,"column":60}},"19":{"start":{"line":77,"column":15},"end":{"line":77,"column":75}},"20":{"start":{"line":80,"column":2},"end":{"line":84,"column":5}},"21":{"start":{"line":99,"column":19},"end":{"line":132,"column":1}},"22":{"start":{"line":101,"column":15},"end":{"line":101,"column":49}},"23":{"start":{"line":102,"column":2},"end":{"line":104,"column":3}},"24":{"start":{"line":103,"column":4},"end":{"line":103,"column":72}},"25":{"start":{"line":107,"column":2},"end":{"line":109,"column":3}},"26":{"start":{"line":108,"column":4},"end":{"line":108,"column":66}},"27":{"start":{"line":112,"column":24},"end":{"line":112,"column":81}},"28":{"start":{"line":113,"column":18},"end":{"line":113,"column":20}},"29":{"start":{"line":114,"column":2},"end":{"line":119,"column":5}},"30":{"start":{"line":116,"column":4},"end":{"line":118,"column":5}},"31":{"start":{"line":117,"column":6},"end":{"line":117,"column":39}},"32":{"start":{"line":122,"column":22},"end":{"line":125,"column":4}},"33":{"start":{"line":127,"column":2},"end":{"line":131,"column":5}},"34":{"start":{"line":138,"column":19},"end":{"line":150,"column":1}},"35":{"start":{"line":139,"column":15},"end":{"line":139,"column":58}},"36":{"start":{"line":141,"column":2},"end":{"line":143,"column":3}},"37":{"start":{"line":142,"column":4},"end":{"line":142,"column":72}},"38":{"start":{"line":145,"column":2},"end":{"line":149,"column":5}},"39":{"start":{"line":152,"column":0},"end":{"line":152,"column":82}}},"fnMap":{"0":{"name":"(anonymous_0)","decl":{"start":{"line":23,"column":20},"end":{"line":23,"column":21}},"loc":{"start":{"line":23,"column":40},"end":{"line":48,"column":1}},"line":23},"1":{"name":"(anonymous_1)","decl":{"start":{"line":54,"column":20},"end":{"line":54,"column":21}},"loc":{"start":{"line":54,"column":40},"end":{"line":67,"column":1}},"line":54},"2":{"name":"(anonymous_2)","decl":{"start":{"line":74,"column":19},"end":{"line":74,"column":20}},"loc":{"start":{"line":74,"column":39},"end":{"line":85,"column":1}},"line":74},"3":{"name":"(anonymous_3)","decl":{"start":{"line":99,"column":19},"end":{"line":99,"column":20}},"loc":{"start":{"line":99,"column":39},"end":{"line":132,"column":1}},"line":99},"4":{"name":"(anonymous_4)","decl":{"start":{"line":114,"column":24},"end":{"line":114,"column":25}},"loc":{"start":{"line":114,"column":35},"end":{"line":119,"column":3}},"line":114},"5":{"name":"(anonymous_5)","decl":{"start":{"line":138,"column":19},"end":{"line":138,"column":20}},"loc":{"start":{"line":138,"column":39},"end":{"line":150,"column":1}},"line":138}},"branchMap":{"0":{"loc":{"start":{"line":27,"column":2},"end":{"line":32,"column":3}},"type":"if","locations":[{"start":{"line":27,"column":2},"end":{"line":32,"column":3}},{"start":{},"end":{}}],"line":27},"1":{"loc":{"start":{"line":28,"column":4},"end":{"line":30,"column":5}},"type":"if","locations":[{"start":{"line":28,"column":4},"end":{"line":30,"column":5}},{"start":{},"end":{}}],"line":28},"2":{"loc":{"start":{"line":35,"column":2},"end":{"line":38,"column":3}},"type":"if","locations":[{"start":{"line":35,"column":2},"end":{"line":38,"column":3}},{"start":{},"end":{}}],"line":35},"3":{"loc":{"start":{"line":57,"column":2},"end":{"line":60,"column":3}},"type":"if","locations":[{"start":{"line":57,"column":2},"end":{"line":60,"column":3}},{"start":{},"end":{}}],"line":57},"4":{"loc":{"start":{"line":102,"column":2},"end":{"line":104,"column":3}},"type":"if","locations":[{"start":{"line":102,"column":2},"end":{"line":104,"column":3}},{"start":{},"end":{}}],"line":102},"5":{"loc":{"start":{"line":107,"column":2},"end":{"line":109,"column":3}},"type":"if","locations":[{"start":{"line":107,"column":2},"end":{"line":109,"column":3}},{"start":{},"end":{}}],"line":107},"6":{"loc":{"start":{"line":107,"column":6},"end":{"line":107,"column":68}},"type":"binary-expr","locations":[{"start":{"line":107,"column":6},"end":{"line":107,"column":33}},{"start":{"line":107,"column":37},"end":{"line":107,"column":68}}],"line":107},"7":{"loc":{"start":{"line":116,"column":4},"end":{"line":118,"column":5}},"type":"if","locations":[{"start":{"line":116,"column":4},"end":{"line":118,"column":5}},{"start":{},"end":{}}],"line":116},"8":{"loc":{"start":{"line":141,"column":2},"end":{"line":143,"column":3}},"type":"if","locations":[{"start":{"line":141,"column":2},"end":{"line":143,"column":3}},{"start":{},"end":{}}],"line":141}},"s":{"0":1,"1":1,"2":1,"3":0,"4":0,"5":0,"6":0,"7":0,"8":0,"9":0,"10":0,"11":0,"12":1,"13":0,"14":0,"15":0,"16":0,"17":1,"18":0,"19":0,"20":0,"21":1,"22":0,"23":0,"24":0,"25":0,"26":0,"27":0,"28":0,"29":0,"30":0,"31":0,"32":0,"33":0,"34":1,"35":0,"36":0,"37":0,"38":0,"39":1},"f":{"0":0,"1":0,"2":0,"3":0,"4":0,"5":0},"b":{"0":[0,0],"1":[0,0],"2":[0,0],"3":[0,0],"4":[0,0],"5":[0,0],"6":[0,0],"7":[0,0],"8":[0,0]},"_coverageSchema":"1a1c01bbd47fc00a2c39e90264f33305004495a9","hash":"dc5eba5441d4da4cbfa3753bf81d89038506addd"}
,"D:\\Vivek_Files\\TodoAPP\\task-manager\\src\\middleware\\errorHandler.js": {"path":"D:\\Vivek_Files\\TodoAPP\\task-manager\\src\\middleware\\errorHandler.js","statementMap":{"0":{"start":{"line":1,"column":29},"end":{"line":1,"column":57}},"1":{"start":{"line":10,"column":17},"end":{"line":24,"column":1}},"2":{"start":{"line":11,"column":17},"end":{"line":11,"column":38}},"3":{"start":{"line":12,"column":2},"end":{"line":22,"column":3}},"4":{"start":{"line":13,"column":4},"end":{"line":21,"column":7}},"5":{"start":{"line":17,"column":43},"end":{"line":20,"column":7}},"6":{"start":{"line":23,"column":2},"end":{"line":23,"column":9}},"7":{"start":{"line":34,"column":21},"end":{"line":80,"column":1}},"8":{"start":{"line":36,"column":2},"end":{"line":36,"column":77}},"9":{"start":{"line":39,"column":2},"end":{"line":45,"column":3}},"10":{"start":{"line":40,"column":19},"end":{"line":43,"column":7}},"11":{"start":{"line":40,"column":57},"end":{"line":43,"column":5}},"12":{"start":{"line":44,"column":4},"end":{"line":44,"column":89}},"13":{"start":{"line":48,"column":2},"end":{"line":53,"column":3}},"14":{"start":{"line":49,"column":4},"end":{"line":52,"column":7}},"15":{"start":{"line":56,"column":2},"end":{"line":62,"column":3}},"16":{"start":{"line":57,"column":18},"end":{"line":57,"column":46}},"17":{"start":{"line":58,"column":4},"end":{"line":61,"column":7}},"18":{"start":{"line":65,"column":2},"end":{"line":70,"column":3}},"19":{"start":{"line":66,"column":4},"end":{"line":69,"column":7}},"20":{"start":{"line":73,"column":2},"end":{"line":79,"column":5}},"21":{"start":{"line":87,"column":20},"end":{"line":91,"column":1}},"22":{"start":{"line":88,"column":16},"end":{"line":88,"column":34}},"23":{"start":{"line":89,"column":2},"end":{"line":89,"column":32}},"24":{"start":{"line":90,"column":2},"end":{"line":90,"column":15}},"25":{"start":{"line":93,"column":0},"end":{"line":93,"column":57}}},"fnMap":{"0":{"name":"(anonymous_0)","decl":{"start":{"line":10,"column":17},"end":{"line":10,"column":18}},"loc":{"start":{"line":10,"column":37},"end":{"line":24,"column":1}},"line":10},"1":{"name":"(anonymous_1)","decl":{"start":{"line":17,"column":33},"end":{"line":17,"column":34}},"loc":{"start":{"line":17,"column":43},"end":{"line":20,"column":7}},"line":17},"2":{"name":"(anonymous_2)","decl":{"start":{"line":34,"column":21},"end":{"line":34,"column":22}},"loc":{"start":{"line":34,"column":46},"end":{"line":80,"column":1}},"line":34},"3":{"name":"(anonymous_3)","decl":{"start":{"line":40,"column":49},"end":{"line":40,"column":50}},"loc":{"start":{"line":40,"column":57},"end":{"line":43,"column":5}},"line":40},"4":{"name":"(anonymous_4)","decl":{"start":{"line":87,"column":20},"end":{"line":87,"column":21}},"loc":{"start":{"line":87,"column":45},"end":{"line":91,"column":1}},"line":87}},"branchMap":{"0":{"loc":{"start":{"line":12,"column":2},"end":{"line":22,"column":3}},"type":"if","locations":[{"start":{"line":12,"column":2},"end":{"line":22,"column":3}},{"start":{},"end":{}}],"line":12},"1":{"loc":{"start":{"line":36,"column":49},"end":{"line":36,"column":73}},"type":"binary-expr","locations":[{"start":{"line":36,"column":49},"end":{"line":36,"column":58}},{"start":{"line":36,"column":62},"end":{"line":36,"column":73}}],"line":36},"2":{"loc":{"start":{"line":39,"column":2},"end":{"line":45,"column":3}},"type":"if","locations":[{"start":{"line":39,"column":2},"end":{"line":45,"column":3}},{"start":{},"end":{}}],"line":39},"3":{"loc":{"start":{"line":48,"column":2},"end":{"line":53,"column":3}},"type":"if","locations":[{"start":{"line":48,"column":2},"end":{"line":53,"column":3}},{"start":{},"end":{}}],"line":48},"4":{"loc":{"start":{"line":56,"column":2},"end":{"line":62,"column":3}},"type":"if","locations":[{"start":{"line":56,"column":2},"end":{"line":62,"column":3}},{"start":{},"end":{}}],"line":56},"5":{"loc":{"start":{"line":65,"column":2},"end":{"line":70,"column":3}},"type":"if","locations":[{"start":{"line":65,"column":2},"end":{"line":70,"column":3}},{"start":{},"end":{}}],"line":65},"6":{"loc":{"start":{"line":76,"column":6},"end":{"line":78,"column":21}},"type":"cond-expr","locations":[{"start":{"line":77,"column":10},"end":{"line":77,"column":45}},{"start":{"line":78,"column":10},"end":{"line":78,"column":21}}],"line":76}},"s":{"0":1,"1":1,"2":0,"3":0,"4":0,"5":0,"6":0,"7":1,"8":0,"9":0,"10":0,"11":0,"12":0,"13":0,"14":0,"15":0,"16":0,"17":0,"18":0,"19":0,"20":0,"21":1,"22":0,"23":0,"24":0,"25":1},"f":{"0":0,"1":0,"2":0,"3":0,"4":0},"b":{"0":[0,0],"1":[0,0],"2":[0,0],"3":[0,0],"4":[0,0],"5":[0,0],"6":[0,0]},"_coverageSchema":"1a1c01bbd47fc00a2c39e90264f33305004495a9","hash":"c5497f2cb5faeee95095f64ad49bfe4d8712f3dc"}
,"D:\\Vivek_Files\\TodoAPP\\task-manager\\src\\models\\Task.js": {"path":"D:\\Vivek_Files\\TodoAPP\\task-manager\\src\\models\\Task.js","statementMap":{"0":{"start":{"line":1,"column":17},"end":{"line":1,"column":36}},"1":{"start":{"line":13,"column":19},"end":{"line":69,"column":1}},"2":{"start":{"line":47,"column":10},"end":{"line":47,"column":34}},"3":{"start":{"line":47,"column":22},"end":{"line":47,"column":34}},"4":{"start":{"line":48,"column":10},"end":{"line":48,"column":68}},"5":{"start":{"line":72,"column":0},"end":{"line":72,"column":32}},"6":{"start":{"line":75,"column":0},"end":{"line":75,"column":34}},"7":{"start":{"line":77,"column":13},"end":{"line":77,"column":47}},"8":{"start":{"line":79,"column":0},"end":{"line":79,"column":22}}},"fnMap":{"0":{"name":"(anonymous_0)","decl":{"start":{"line":45,"column":19},"end":{"line":45,"column":20}},"loc":{"start":{"line":45,"column":36},"end":{"line":49,"column":9}},"line":45}},"branchMap":{"0":{"loc":{"start":{"line":47,"column":10},"end":{"line":47,"column":34}},"type":"if","locations":[{"start":{"line":47,"column":10},"end":{"line":47,"column":34}},{"start":{},"end":{}}],"line":47}},"s":{"0":1,"1":1,"2":0,"3":0,"4":0,"5":1,"6":1,"7":1,"8":1},"f":{"0":0},"b":{"0":[0,0]},"_coverageSchema":"1a1c01bbd47fc00a2c39e90264f33305004495a9","hash":"fc7dd57b5772498294e44cd48947d19e70a4bfd0"}
,"D:\\Vivek_Files\\TodoAPP\\task-manager\\src\\routes\\taskRoutes.js": {"path":"D:\\Vivek_Files\\TodoAPP\\task-manager\\src\\routes\\taskRoutes.js","statementMap":{"0":{"start":{"line":1,"column":16},"end":{"line":1,"column":34}},"1":{"start":{"line":2,"column":15},"end":{"line":2,"column":31}},"2":{"start":{"line":10,"column":4},"end":{"line":10,"column":44}},"3":{"start":{"line":16,"column":4},"end":{"line":16,"column":43}},"4":{"start":{"line":18,"column":21},"end":{"line":18,"column":58}},"5":{"start":{"line":33,"column":0},"end":{"line":36,"column":52}},"6":{"start":{"line":41,"column":0},"end":{"line":45,"column":50}},"7":{"start":{"line":47,"column":0},"end":{"line":47,"column":24}}},"fnMap":{},"branchMap":{},"s":{"0":1,"1":1,"2":1,"3":1,"4":1,"5":1,"6":1,"7":1},"f":{},"b":{},"_coverageSchema":"1a1c01bbd47fc00a2c39e90264f33305004495a9","hash":"3b9399c02cc1bc3dae7d0e44fcceef831ba01e9e"}
,"D:\\Vivek_Files\\TodoAPP\\task-manager\\src\\validators\\taskValidators.js": {"path":"D:\\Vivek_Files\\TodoAPP\\task-manager\\src\\validators\\taskValidators.js","statementMap":{"0":{"start":{"line":1,"column":24},"end":{"line":1,"column":52}},"1":{"start":{"line":9,"column":29},"end":{"line":34,"column":1}},"2":{"start":{"line":41,"column":29},"end":{"line":72,"column":1}},"3":{"start":{"line":79,"column":25},"end":{"line":81,"column":1}},"4":{"start":{"line":83,"column":0},"end":{"line":83,"column":82}}},"fnMap":{},"branchMap":{},"s":{"0":1,"1":1,"2":1,"3":1,"4":1},"f":{},"b":{},"_coverageSchema":"1a1c01bbd47fc00a2c39e90264f33305004495a9","hash":"e996507f86ccb332225ff28494bc03830793d7b3"}
}
