TN:
SF:src\app.js
FN:33,(anonymous_0)
FN:47,(anonymous_1)
FN:69,(anonymous_2)
FN:77,(anonymous_3)
FN:84,(anonymous_4)
FN:86,(anonymous_5)
FNF:6
FNH:0
FNDA:0,(anonymous_0)
FNDA:0,(anonymous_1)
FNDA:0,(anonymous_2)
FNDA:0,(anonymous_3)
FNDA:0,(anonymous_4)
FNDA:0,(anonymous_5)
DA:1,1
DA:2,1
DA:3,1
DA:5,1
DA:6,1
DA:7,1
DA:13,1
DA:15,1
DA:20,1
DA:23,1
DA:26,1
DA:27,0
DA:33,1
DA:34,0
DA:43,1
DA:47,1
DA:48,0
DA:57,1
DA:68,1
DA:69,1
DA:71,0
DA:75,1
DA:77,1
DA:78,0
DA:79,0
DA:80,0
DA:84,1
DA:85,0
DA:86,0
DA:89,1
LF:30
LH:21
BRDA:26,0,0,0
BRDA:26,0,1,1
BRDA:75,1,0,1
BRDA:75,1,1,0
BRF:4
BRH:2
end_of_record
TN:
SF:src\config\db.js
FN:8,(anonymous_0)
FNF:1
FNH:1
FNDA:1,(anonymous_0)
DA:1,1
DA:8,1
DA:9,1
DA:10,1
DA:11,1
DA:13,0
DA:15,0
DA:19,1
LF:8
LH:6
BRF:0
BRH:0
end_of_record
TN:
SF:src\controllers\taskController.js
FN:23,(anonymous_0)
FN:54,(anonymous_1)
FN:74,(anonymous_2)
FN:99,(anonymous_3)
FN:114,(anonymous_4)
FN:138,(anonymous_5)
FNF:6
FNH:0
FNDA:0,(anonymous_0)
FNDA:0,(anonymous_1)
FNDA:0,(anonymous_2)
FNDA:0,(anonymous_3)
FNDA:0,(anonymous_4)
FNDA:0,(anonymous_5)
DA:1,1
DA:2,1
DA:23,1
DA:24,0
DA:27,0
DA:28,0
DA:29,0
DA:31,0
DA:35,0
DA:37,0
DA:40,0
DA:42,0
DA:54,1
DA:55,0
DA:57,0
DA:59,0
DA:62,0
DA:74,1
DA:75,0
DA:77,0
DA:80,0
DA:99,1
DA:101,0
DA:102,0
DA:103,0
DA:107,0
DA:108,0
DA:112,0
DA:113,0
DA:114,0
DA:116,0
DA:117,0
DA:122,0
DA:127,0
DA:138,1
DA:139,0
DA:141,0
DA:142,0
DA:145,0
DA:152,1
LF:40
LH:8
BRDA:27,0,0,0
BRDA:27,0,1,0
BRDA:28,1,0,0
BRDA:28,1,1,0
BRDA:35,2,0,0
BRDA:35,2,1,0
BRDA:57,3,0,0
BRDA:57,3,1,0
BRDA:102,4,0,0
BRDA:102,4,1,0
BRDA:107,5,0,0
BRDA:107,5,1,0
BRDA:107,6,0,0
BRDA:107,6,1,0
BRDA:116,7,0,0
BRDA:116,7,1,0
BRDA:141,8,0,0
BRDA:141,8,1,0
BRF:18
BRH:0
end_of_record
TN:
SF:src\middleware\errorHandler.js
FN:10,(anonymous_0)
FN:17,(anonymous_1)
FN:34,(anonymous_2)
FN:40,(anonymous_3)
FN:87,(anonymous_4)
FNF:5
FNH:0
FNDA:0,(anonymous_0)
FNDA:0,(anonymous_1)
FNDA:0,(anonymous_2)
FNDA:0,(anonymous_3)
FNDA:0,(anonymous_4)
DA:1,1
DA:10,1
DA:11,0
DA:12,0
DA:13,0
DA:17,0
DA:23,0
DA:34,1
DA:36,0
DA:39,0
DA:40,0
DA:44,0
DA:48,0
DA:49,0
DA:56,0
DA:57,0
DA:58,0
DA:65,0
DA:66,0
DA:73,0
DA:87,1
DA:88,0
DA:89,0
DA:90,0
DA:93,1
LF:25
LH:5
BRDA:12,0,0,0
BRDA:12,0,1,0
BRDA:36,1,0,0
BRDA:36,1,1,0
BRDA:39,2,0,0
BRDA:39,2,1,0
BRDA:48,3,0,0
BRDA:48,3,1,0
BRDA:56,4,0,0
BRDA:56,4,1,0
BRDA:65,5,0,0
BRDA:65,5,1,0
BRDA:76,6,0,0
BRDA:76,6,1,0
BRF:14
BRH:0
end_of_record
TN:
SF:src\models\Task.js
FN:45,(anonymous_0)
FNF:1
FNH:0
FNDA:0,(anonymous_0)
DA:1,1
DA:13,1
DA:47,0
DA:48,0
DA:72,1
DA:75,1
DA:77,1
DA:79,1
LF:8
LH:6
BRDA:47,0,0,0
BRDA:47,0,1,0
BRF:2
BRH:0
end_of_record
TN:
SF:src\routes\taskRoutes.js
FNF:0
FNH:0
DA:1,1
DA:2,1
DA:10,1
DA:16,1
DA:18,1
DA:33,1
DA:41,1
DA:47,1
LF:8
LH:8
BRF:0
BRH:0
end_of_record
TN:
SF:src\validators\taskValidators.js
FNF:0
FNH:0
DA:1,1
DA:9,1
DA:41,1
DA:79,1
DA:83,1
LF:5
LH:5
BRF:0
BRH:0
end_of_record
